<?xml version="1.0" encoding="UTF-8"?>
<!-- Generated by org.testng.reporters.JUnitReportReporter -->
<testsuite hostname="LAPTOP-3F1T88QL" failures="0" tests="1" name="com.test.junitdemo.ParallelTest1" time="19.417" errors="0" timestamp="2022-07-05T12:29:29 CDT" skipped="0">
  <testcase classname="com.test.junitdemo.ParallelTest1" name="test_LT_ToDoApp" time="19.417"/>
  <system-out/>
</testsuite> <!-- com.test.junitdemo.ParallelTest1 -->
