<?xml version="1.0" encoding="UTF-8"?>
<!-- Generated by org.testng.reporters.JUnitReportReporter -->
<testsuite hostname="LAPTOP-3F1T88QL" failures="0" tests="1" name="com.test.junitdemo.AppTest" time="0.109" errors="0" timestamp="2022-07-05T12:47:50 CDT" skipped="0">
  <testcase classname="com.test.junitdemo.AppTest" name="runAllTests" time="0.109"/>
  <system-out/>
</testsuite> <!-- com.test.junitdemo.AppTest -->
